<?xml version="1.0" encoding="UTF-8"?>
<!-- Generated by org.testng.reporters.JUnitXMLReporter -->
<testsuite ignored="0" hostname="Believer-HJ007" failures="0" tests="3" name="Default test" time="6.603" errors="0" timestamp="2023-03-02T12:33:14 IST">
  <testcase classname="testScripts.PlaceOrderTest" name="searchItemTest" time="6.063"/>
  <testcase classname="testScripts.PlaceOrderTest" name="addItemToCart" time="0.398"/>
  <testcase classname="testScripts.PlaceOrderTest" name="checkout" time="0.093"/>
</testsuite> <!-- Default test -->
