<?xml version="1.0" encoding="UTF-8"?>
<testng-results ignored="0" total="3" passed="3" failed="0" skipped="0">
  <reporter-output>
  </reporter-output>
  <suite started-at="2023-03-02T12:33:08 IST" name="Default suite" finished-at="2023-03-02T12:33:14 IST" duration-ms="6603">
    <groups>
    </groups>
    <test started-at="2023-03-02T12:33:08 IST" name="Default test" finished-at="2023-03-02T12:33:14 IST" duration-ms="6603">
      <class name="testScripts.PlaceOrderTest">
        <test-method signature="searchItemTest()[pri:1, instance:testScripts.PlaceOrderTest@20b2475a]" started-at="2023-03-02T12:33:08 IST" name="searchItemTest" finished-at="2023-03-02T12:33:14 IST" duration-ms="6063" status="PASS">
          <reporter-output>
          </reporter-output>
        </test-method> <!-- searchItemTest -->
        <test-method signature="addItemToCart()[pri:2, instance:testScripts.PlaceOrderTest@20b2475a]" started-at="2023-03-02T12:33:14 IST" name="addItemToCart" finished-at="2023-03-02T12:33:14 IST" duration-ms="398" status="PASS">
          <reporter-output>
          </reporter-output>
        </test-method> <!-- addItemToCart -->
        <test-method signature="checkout()[pri:3, instance:testScripts.PlaceOrderTest@20b2475a]" started-at="2023-03-02T12:33:14 IST" name="checkout" finished-at="2023-03-02T12:33:14 IST" duration-ms="93" status="PASS">
          <reporter-output>
          </reporter-output>
        </test-method> <!-- checkout -->
      </class> <!-- testScripts.PlaceOrderTest -->
    </test> <!-- Default test -->
  </suite> <!-- Default suite -->
</testng-results>
